{"C:\\Users\\むずでょ\\Documents\\GitHub\\Kifu-for-JS\\src\\Board.tsx": {"path":"C:\\Users\\むずでょ\\Documents\\GitHub\\Kifu-for-JS\\src\\Board.tsx","statementMap":{"0":{"start":{"line":1,"column":0},"end":{"line":1,"column":45}},"1":{"start":{"line":2,"column":0},"end":{"line":2,"column":38}},"2":{"start":{"line":3,"column":0},"end":{"line":3,"column":31}},"3":{"start":{"line":4,"column":0},"end":{"line":4,"column":28}},"4":{"start":{"line":12,"column":0},"end":{"line":57,"column":null}},"5":{"start":{"line":14,"column":37},"end":{"line":14,"column":57}},"6":{"start":{"line":15,"column":22},"end":{"line":15,"column":45}},"7":{"start":{"line":16,"column":25},"end":{"line":16,"column":41}},"8":{"start":{"line":17,"column":22},"end":{"line":17,"column":49}},"9":{"start":{"line":18,"column":22},"end":{"line":18,"column":45}},"10":{"start":{"line":20,"column":20},"end":{"line":23,"column":10}},"11":{"start":{"line":21,"column":22},"end":{"line":21,"column":57}},"12":{"start":{"line":22,"column":12},"end":{"line":22,"column":40}},"13":{"start":{"line":25,"column":20},"end":{"line":46,"column":10}},"14":{"start":{"line":26,"column":22},"end":{"line":26,"column":57}},"15":{"start":{"line":27,"column":27},"end":{"line":39,"column":14}},"16":{"start":{"line":28,"column":26},"end":{"line":28,"column":61}},"17":{"start":{"line":29,"column":16},"end":{"line":38,"column":18}},"18":{"start":{"line":40,"column":12},"end":{"line":45,"column":14}},"19":{"start":{"line":48,"column":8},"end":{"line":55,"column":10}},"20":{"start":{"line":12,"column":21},"end":{"line":57,"column":null}},"21":{"start":{"line":12,"column":21},"end":{"line":12,"column":27}}},"fnMap":{"0":{"name":"(anonymous_1)","decl":{"start":{"line":13,"column":11},"end":{"line":13,"column":17}},"loc":{"start":{"line":13,"column":17},"end":{"line":56,"column":5}}},"1":{"name":"(anonymous_2)","decl":{"start":{"line":20,"column":30},"end":{"line":20,"column":31}},"loc":{"start":{"line":20,"column":43},"end":{"line":23,"column":9}}},"2":{"name":"(anonymous_3)","decl":{"start":{"line":25,"column":30},"end":{"line":25,"column":31}},"loc":{"start":{"line":25,"column":43},"end":{"line":46,"column":9}}},"3":{"name":"(anonymous_4)","decl":{"start":{"line":27,"column":37},"end":{"line":27,"column":38}},"loc":{"start":{"line":27,"column":50},"end":{"line":39,"column":13}}}},"branchMap":{"0":{"loc":{"start":{"line":21,"column":33},"end":{"line":21,"column":46}},"type":"cond-expr","locations":[{"start":{"line":21,"column":33},"end":{"line":21,"column":46}},{"start":{"line":21,"column":49},"end":{"line":21,"column":57}}]},"1":{"loc":{"start":{"line":26,"column":33},"end":{"line":26,"column":46}},"type":"cond-expr","locations":[{"start":{"line":26,"column":33},"end":{"line":26,"column":46}},{"start":{"line":26,"column":49},"end":{"line":26,"column":57}}]},"2":{"loc":{"start":{"line":28,"column":37},"end":{"line":28,"column":50}},"type":"cond-expr","locations":[{"start":{"line":28,"column":37},"end":{"line":28,"column":50}},{"start":{"line":28,"column":53},"end":{"line":28,"column":61}}]}},"s":{"0":0,"1":0,"2":0,"3":0,"4":0,"5":0,"6":0,"7":0,"8":0,"9":0,"10":0,"11":0,"12":0,"13":0,"14":0,"15":0,"16":0,"17":0,"18":0,"19":0,"20":0,"21":0},"f":{"0":0,"1":0,"2":0,"3":0},"b":{"0":[0,0],"1":[0,0],"2":[0,0]}}
,"C:\\Users\\むずでょ\\Documents\\GitHub\\Kifu-for-JS\\src\\Control.tsx": {"path":"C:\\Users\\むずでょ\\Documents\\GitHub\\Kifu-for-JS\\src\\Control.tsx","statementMap":{"0":{"start":{"line":1,"column":0},"end":{"line":1,"column":38}},"1":{"start":{"line":2,"column":0},"end":{"line":2,"column":31}},"2":{"start":{"line":10,"column":0},"end":{"line":92,"column":null}},"3":{"start":{"line":12,"column":8},"end":{"line":12,"column":21}},"4":{"start":{"line":13,"column":8},"end":{"line":13,"column":55}},"5":{"start":{"line":14,"column":8},"end":{"line":14,"column":59}},"6":{"start":{"line":15,"column":8},"end":{"line":15,"column":61}},"7":{"start":{"line":18,"column":27},"end":{"line":18,"column":47}},"8":{"start":{"line":19,"column":8},"end":{"line":59,"column":10}},"9":{"start":{"line":63,"column":8},"end":{"line":65,"column":null}},"10":{"start":{"line":64,"column":12},"end":{"line":64,"column":19}},"11":{"start":{"line":66,"column":8},"end":{"line":66,"column":60}},"12":{"start":{"line":70,"column":8},"end":{"line":70,"column":57}},"13":{"start":{"line":74,"column":8},"end":{"line":74,"column":36}},"14":{"start":{"line":81,"column":8},"end":{"line":90,"column":null}},"15":{"start":{"line":89,"column":12},"end":{"line":89,"column":78}},"16":{"start":{"line":10,"column":21},"end":{"line":92,"column":null}},"17":{"start":{"line":10,"column":21},"end":{"line":10,"column":29}}},"fnMap":{"0":{"name":"(anonymous_1)","decl":{"start":{"line":11,"column":4},"end":{"line":11,"column":16}},"loc":{"start":{"line":11,"column":21},"end":{"line":16,"column":5}}},"1":{"name":"(anonymous_2)","decl":{"start":{"line":17,"column":11},"end":{"line":17,"column":17}},"loc":{"start":{"line":17,"column":17},"end":{"line":60,"column":5}}},"2":{"name":"(anonymous_3)","decl":{"start":{"line":62,"column":12},"end":{"line":62,"column":23}},"loc":{"start":{"line":62,"column":25},"end":{"line":67,"column":5}}},"3":{"name":"(anonymous_4)","decl":{"start":{"line":69,"column":12},"end":{"line":69,"column":25}},"loc":{"start":{"line":69,"column":27},"end":{"line":71,"column":5}}},"4":{"name":"(anonymous_5)","decl":{"start":{"line":73,"column":12},"end":{"line":73,"column":26}},"loc":{"start":{"line":73,"column":26},"end":{"line":75,"column":5}}},"5":{"name":"(anonymous_6)","decl":{"start":{"line":80,"column":12},"end":{"line":80,"column":25}},"loc":{"start":{"line":80,"column":25},"end":{"line":91,"column":5}}}},"branchMap":{"0":{"loc":{"start":{"line":56,"column":27},"end":{"line":56,"column":65}},"type":"binary-expr","locations":[{"start":{"line":56,"column":27},"end":{"line":56,"column":65}},{"start":{"line":56,"column":69},"end":{"line":56,"column":100}}]},"1":{"loc":{"start":{"line":63,"column":8},"end":{"line":65,"column":null}},"type":"if","locations":[{"start":{"line":63,"column":8},"end":{"line":65,"column":null}},{"start":{"line":63,"column":8},"end":{"line":65,"column":null}}]},"2":{"loc":{"start":{"line":81,"column":8},"end":{"line":90,"column":null}},"type":"if","locations":[{"start":{"line":81,"column":8},"end":{"line":90,"column":null}},{"start":{"line":81,"column":8},"end":{"line":90,"column":null}}]}},"s":{"0":0,"1":0,"2":0,"3":0,"4":0,"5":0,"6":0,"7":0,"8":0,"9":0,"10":0,"11":0,"12":0,"13":0,"14":0,"15":0,"16":0,"17":0},"f":{"0":0,"1":0,"2":0,"3":0,"4":0,"5":0},"b":{"0":[0,0],"1":[0,0],"2":[0,0]}}
,"C:\\Users\\むずでょ\\Documents\\GitHub\\Kifu-for-JS\\src\\ForkList.tsx": {"path":"C:\\Users\\むずでょ\\Documents\\GitHub\\Kifu-for-JS\\src\\ForkList.tsx","statementMap":{"0":{"start":{"line":1,"column":0},"end":{"line":1,"column":38}},"1":{"start":{"line":2,"column":0},"end":{"line":2,"column":31}},"2":{"start":{"line":10,"column":0},"end":{"line":49,"column":null}},"3":{"start":{"line":12,"column":8},"end":{"line":12,"column":21}},"4":{"start":{"line":13,"column":8},"end":{"line":13,"column":49}},"5":{"start":{"line":17,"column":27},"end":{"line":17,"column":47}},"6":{"start":{"line":18,"column":24},"end":{"line":18,"column":109}},"7":{"start":{"line":20,"column":22},"end":{"line":20,"column":50}},"8":{"start":{"line":22,"column":8},"end":{"line":36,"column":null}},"9":{"start":{"line":23,"column":12},"end":{"line":33,"column":14}},"10":{"start":{"line":29,"column":20},"end":{"line":30,"column":null}},"11":{"start":{"line":35,"column":12},"end":{"line":35,"column":56}},"12":{"start":{"line":37,"column":8},"end":{"line":43,"column":10}},"13":{"start":{"line":47,"column":8},"end":{"line":47,"column":67}},"14":{"start":{"line":10,"column":21},"end":{"line":49,"column":null}},"15":{"start":{"line":10,"column":21},"end":{"line":10,"column":30}}},"fnMap":{"0":{"name":"(anonymous_1)","decl":{"start":{"line":11,"column":4},"end":{"line":11,"column":16}},"loc":{"start":{"line":11,"column":21},"end":{"line":14,"column":5}}},"1":{"name":"(anonymous_2)","decl":{"start":{"line":16,"column":11},"end":{"line":16,"column":17}},"loc":{"start":{"line":16,"column":17},"end":{"line":44,"column":5}}},"2":{"name":"(anonymous_3)","decl":{"start":{"line":28,"column":26},"end":{"line":28,"column":27}},"loc":{"start":{"line":29,"column":20},"end":{"line":30,"column":null}}},"3":{"name":"(anonymous_4)","decl":{"start":{"line":46,"column":12},"end":{"line":46,"column":20}},"loc":{"start":{"line":46,"column":22},"end":{"line":48,"column":5}}}},"branchMap":{"0":{"loc":{"start":{"line":18,"column":62},"end":{"line":18,"column":102}},"type":"cond-expr","locations":[{"start":{"line":18,"column":62},"end":{"line":18,"column":102}},{"start":{"line":18,"column":105},"end":{"line":18,"column":109}}]},"1":{"loc":{"start":{"line":22,"column":8},"end":{"line":36,"column":null}},"type":"if","locations":[{"start":{"line":22,"column":8},"end":{"line":36,"column":null}},{"start":{"line":22,"column":8},"end":{"line":36,"column":null}}]},"2":{"loc":{"start":{"line":38,"column":12},"end":{"line":38,"column":40}},"type":"binary-expr","locations":[{"start":{"line":38,"column":12},"end":{"line":38,"column":40}},{"start":{"line":39,"column":16},"end":{"line":40,"column":null}}]}},"s":{"0":0,"1":0,"2":0,"3":0,"4":0,"5":0,"6":0,"7":0,"8":0,"9":0,"10":0,"11":0,"12":0,"13":0,"14":0,"15":0},"f":{"0":0,"1":0,"2":0,"3":0},"b":{"0":[0,0],"1":[0,0],"2":[0,0]}}
,"C:\\Users\\むずでょ\\Documents\\GitHub\\Kifu-for-JS\\src\\Hand.tsx": {"path":"C:\\Users\\むずでょ\\Documents\\GitHub\\Kifu-for-JS\\src\\Hand.tsx","statementMap":{"0":{"start":{"line":1,"column":0},"end":{"line":1,"column":38}},"1":{"start":{"line":2,"column":0},"end":{"line":2,"column":31}},"2":{"start":{"line":4,"column":0},"end":{"line":4,"column":46}},"3":{"start":{"line":6,"column":0},"end":{"line":6,"column":43}},"4":{"start":{"line":14,"column":0},"end":{"line":38,"column":null}},"5":{"start":{"line":16,"column":37},"end":{"line":16,"column":57}},"6":{"start":{"line":17,"column":33},"end":{"line":17,"column":43}},"7":{"start":{"line":18,"column":22},"end":{"line":18,"column":64}},"8":{"start":{"line":19,"column":22},"end":{"line":19,"column":64}},"9":{"start":{"line":20,"column":22},"end":{"line":20,"column":39}},"10":{"start":{"line":21,"column":21},"end":{"line":21,"column":39}},"11":{"start":{"line":22,"column":27},"end":{"line":25,"column":16}},"12":{"start":{"line":27,"column":27},"end":{"line":29,"column":10}},"13":{"start":{"line":28,"column":12},"end":{"line":28,"column":116}},"14":{"start":{"line":31,"column":8},"end":{"line":36,"column":10}},"15":{"start":{"line":14,"column":21},"end":{"line":38,"column":null}},"16":{"start":{"line":14,"column":21},"end":{"line":14,"column":26}}},"fnMap":{"0":{"name":"(anonymous_1)","decl":{"start":{"line":15,"column":11},"end":{"line":15,"column":17}},"loc":{"start":{"line":15,"column":17},"end":{"line":37,"column":5}}},"1":{"name":"(anonymous_2)","decl":{"start":{"line":27,"column":78},"end":{"line":27,"column":79}},"loc":{"start":{"line":28,"column":12},"end":{"line":28,"column":116}}}},"branchMap":{"0":{"loc":{"start":{"line":19,"column":33},"end":{"line":19,"column":49}},"type":"cond-expr","locations":[{"start":{"line":19,"column":33},"end":{"line":19,"column":49}},{"start":{"line":19,"column":52},"end":{"line":19,"column":64}}]},"1":{"loc":{"start":{"line":23,"column":12},"end":{"line":23,"column":33}},"type":"binary-expr","locations":[{"start":{"line":23,"column":12},"end":{"line":23,"column":33}},{"start":{"line":23,"column":37},"end":{"line":23,"column":58}},{"start":{"line":23,"column":62},"end":{"line":23,"column":64}}]},"2":{"loc":{"start":{"line":24,"column":12},"end":{"line":24,"column":33}},"type":"binary-expr","locations":[{"start":{"line":24,"column":12},"end":{"line":24,"column":33}},{"start":{"line":24,"column":37},"end":{"line":24,"column":58}},{"start":{"line":24,"column":62},"end":{"line":24,"column":64}}]},"3":{"loc":{"start":{"line":27,"column":49},"end":{"line":27,"column":64}},"type":"cond-expr","locations":[{"start":{"line":27,"column":49},"end":{"line":27,"column":64}},{"start":{"line":27,"column":67},"end":{"line":27,"column":72}}]}},"s":{"0":0,"1":0,"2":0,"3":0,"4":0,"5":0,"6":0,"7":0,"8":0,"9":0,"10":0,"11":0,"12":0,"13":0,"14":0,"15":0,"16":0},"f":{"0":0,"1":0},"b":{"0":[0,0],"1":[0,0,0],"2":[0,0,0],"3":[0,0]}}
,"C:\\Users\\むずでょ\\Documents\\GitHub\\Kifu-for-JS\\src\\Info.tsx": {"path":"C:\\Users\\むずでょ\\Documents\\GitHub\\Kifu-for-JS\\src\\Info.tsx","statementMap":{"0":{"start":{"line":2,"column":0},"end":{"line":2,"column":38}},"1":{"start":{"line":3,"column":0},"end":{"line":3,"column":31}},"2":{"start":{"line":10,"column":0},"end":{"line":23,"column":null}},"3":{"start":{"line":12,"column":21},"end":{"line":12,"column":50}},"4":{"start":{"line":13,"column":20},"end":{"line":13,"column":22}},"5":{"start":{"line":14,"column":8},"end":{"line":19,"column":null}},"6":{"start":{"line":15,"column":12},"end":{"line":18,"column":null}},"7":{"start":{"line":16,"column":16},"end":{"line":16,"column":59}},"8":{"start":{"line":17,"column":16},"end":{"line":17,"column":65}},"9":{"start":{"line":20,"column":21},"end":{"line":20,"column":35}},"10":{"start":{"line":21,"column":8},"end":{"line":21,"column":56}},"11":{"start":{"line":10,"column":21},"end":{"line":23,"column":null}},"12":{"start":{"line":10,"column":21},"end":{"line":10,"column":26}}},"fnMap":{"0":{"name":"(anonymous_1)","decl":{"start":{"line":11,"column":11},"end":{"line":11,"column":17}},"loc":{"start":{"line":11,"column":17},"end":{"line":22,"column":5}}}},"branchMap":{"0":{"loc":{"start":{"line":15,"column":12},"end":{"line":18,"column":null}},"type":"if","locations":[{"start":{"line":15,"column":12},"end":{"line":18,"column":null}},{"start":{"line":15,"column":12},"end":{"line":18,"column":null}}]}},"s":{"0":0,"1":0,"2":0,"3":0,"4":0,"5":0,"6":0,"7":0,"8":0,"9":0,"10":0,"11":0,"12":0},"f":{"0":0},"b":{"0":[0,0]}}
,"C:\\Users\\むずでょ\\Documents\\GitHub\\Kifu-for-JS\\src\\Kifu.tsx": {"path":"C:\\Users\\むずでょ\\Documents\\GitHub\\Kifu-for-JS\\src\\Kifu.tsx","statementMap":{"0":{"start":{"line":1,"column":0},"end":{"line":1,"column":36}},"1":{"start":{"line":2,"column":0},"end":{"line":2,"column":31}},"2":{"start":{"line":3,"column":0},"end":{"line":3,"column":54}},"3":{"start":{"line":4,"column":0},"end":{"line":4,"column":52}},"4":{"start":{"line":5,"column":0},"end":{"line":5,"column":62}},"5":{"start":{"line":6,"column":0},"end":{"line":6,"column":68}},"6":{"start":{"line":8,"column":0},"end":{"line":8,"column":28}},"7":{"start":{"line":9,"column":0},"end":{"line":9,"column":32}},"8":{"start":{"line":10,"column":0},"end":{"line":10,"column":26}},"9":{"start":{"line":11,"column":0},"end":{"line":11,"column":26}},"10":{"start":{"line":12,"column":0},"end":{"line":12,"column":40}},"11":{"start":{"line":13,"column":0},"end":{"line":13,"column":43}},"12":{"start":{"line":14,"column":0},"end":{"line":14,"column":38}},"13":{"start":{"line":16,"column":0},"end":{"line":16,"column":30}},"14":{"start":{"line":19,"column":17},"end":{"line":19,"column":112}},"15":{"start":{"line":19,"column":104},"end":{"line":19,"column":112}},"16":{"start":{"line":31,"column":0},"end":{"line":103,"column":null}},"17":{"start":{"line":35,"column":8},"end":{"line":35,"column":21}},"18":{"start":{"line":36,"column":8},"end":{"line":36,"column":60}},"19":{"start":{"line":40,"column":27},"end":{"line":40,"column":37}},"20":{"start":{"line":42,"column":8},"end":{"line":46,"column":null}},"21":{"start":{"line":43,"column":12},"end":{"line":43,"column":60}},"22":{"start":{"line":45,"column":12},"end":{"line":45,"column":67}},"23":{"start":{"line":47,"column":8},"end":{"line":49,"column":null}},"24":{"start":{"line":53,"column":26},"end":{"line":53,"column":43}},"25":{"start":{"line":54,"column":8},"end":{"line":58,"column":null}},"26":{"start":{"line":55,"column":12},"end":{"line":55,"column":71}},"27":{"start":{"line":56,"column":15},"end":{"line":58,"column":null}},"28":{"start":{"line":57,"column":12},"end":{"line":57,"column":67}},"29":{"start":{"line":59,"column":8},"end":{"line":61,"column":null}},"30":{"start":{"line":65,"column":33},"end":{"line":68,"column":20}},"31":{"start":{"line":66,"column":12},"end":{"line":68,"column":20}},"32":{"start":{"line":70,"column":8},"end":{"line":101,"column":10}},"33":{"start":{"line":31,"column":6},"end":{"line":103,"column":null}},"34":{"start":{"line":105,"column":23},"end":{"line":123,"column":7}},"35":{"start":{"line":109,"column":25},"end":{"line":109,"column":62}},"36":{"start":{"line":110,"column":12},"end":{"line":114,"column":null}},"37":{"start":{"line":111,"column":16},"end":{"line":113,"column":19}},"38":{"start":{"line":112,"column":20},"end":{"line":112,"column":61}},"39":{"start":{"line":118,"column":8},"end":{"line":121,"column":10}},"40":{"start":{"line":124,"column":21},"end":{"line":124,"column":88}},"41":{"start":{"line":126,"column":0},"end":{"line":126,"column":28}}},"fnMap":{"0":{"name":"(anonymous_1)","decl":{"start":{"line":19,"column":98},"end":{"line":19,"column":101}},"loc":{"start":{"line":19,"column":104},"end":{"line":19,"column":112}}},"1":{"name":"(anonymous_2)","decl":{"start":{"line":34,"column":4},"end":{"line":34,"column":16}},"loc":{"start":{"line":34,"column":21},"end":{"line":37,"column":5}}},"2":{"name":"(anonymous_3)","decl":{"start":{"line":39,"column":11},"end":{"line":39,"column":28}},"loc":{"start":{"line":39,"column":28},"end":{"line":50,"column":5}}},"3":{"name":"(anonymous_4)","decl":{"start":{"line":47,"column":26},"end":{"line":47,"column":29}},"loc":{"start":{"line":47,"column":31},"end":{"line":49,"column":9}}},"4":{"name":"(anonymous_5)","decl":{"start":{"line":52,"column":11},"end":{"line":52,"column":36}},"loc":{"start":{"line":52,"column":54},"end":{"line":62,"column":5}}},"5":{"name":"(anonymous_6)","decl":{"start":{"line":59,"column":26},"end":{"line":59,"column":29}},"loc":{"start":{"line":59,"column":31},"end":{"line":61,"column":9}}},"6":{"name":"(anonymous_7)","decl":{"start":{"line":64,"column":11},"end":{"line":64,"column":17}},"loc":{"start":{"line":64,"column":17},"end":{"line":102,"column":5}}},"7":{"name":"(anonymous_8)","decl":{"start":{"line":65,"column":33},"end":{"line":65,"column":34}},"loc":{"start":{"line":66,"column":12},"end":{"line":68,"column":20}}},"8":{"name":"(anonymous_9)","decl":{"start":{"line":108,"column":8},"end":{"line":108,"column":12}},"loc":{"start":{"line":108,"column":44},"end":{"line":115,"column":9}}},"9":{"name":"(anonymous_10)","decl":{"start":{"line":111,"column":40},"end":{"line":111,"column":41}},"loc":{"start":{"line":111,"column":55},"end":{"line":113,"column":17}}},"10":{"name":"(anonymous_11)","decl":{"start":{"line":117,"column":4},"end":{"line":117,"column":5}},"loc":{"start":{"line":117,"column":25},"end":{"line":122,"column":5}}}},"branchMap":{"0":{"loc":{"start":{"line":19,"column":57},"end":{"line":19,"column":95}},"type":"cond-expr","locations":[{"start":{"line":19,"column":57},"end":{"line":19,"column":95}},{"start":{"line":19,"column":98},"end":{"line":19,"column":112}}]},"1":{"loc":{"start":{"line":36,"column":25},"end":{"line":36,"column":40}},"type":"binary-expr","locations":[{"start":{"line":36,"column":25},"end":{"line":36,"column":40}},{"start":{"line":36,"column":44},"end":{"line":36,"column":59}}]},"2":{"loc":{"start":{"line":42,"column":8},"end":{"line":46,"column":null}},"type":"if","locations":[{"start":{"line":42,"column":8},"end":{"line":46,"column":null}},{"start":{"line":42,"column":8},"end":{"line":46,"column":null}}]},"3":{"loc":{"start":{"line":54,"column":8},"end":{"line":58,"column":null}},"type":"if","locations":[{"start":{"line":54,"column":8},"end":{"line":58,"column":null}},{"start":{"line":54,"column":8},"end":{"line":58,"column":null}}]},"4":{"loc":{"start":{"line":56,"column":15},"end":{"line":58,"column":null}},"type":"if","locations":[{"start":{"line":56,"column":15},"end":{"line":58,"column":null}},{"start":{"line":56,"column":15},"end":{"line":58,"column":null}}]},"5":{"loc":{"start":{"line":67,"column":16},"end":{"line":67,"column":79}},"type":"cond-expr","locations":[{"start":{"line":67,"column":16},"end":{"line":67,"column":79}},{"start":{"line":68,"column":16},"end":{"line":68,"column":20}}]},"6":{"loc":{"start":{"line":72,"column":91},"end":{"line":72,"column":99}},"type":"cond-expr","locations":[{"start":{"line":72,"column":91},"end":{"line":72,"column":99}},{"start":{"line":72,"column":102},"end":{"line":72,"column":104}}]},"7":{"loc":{"start":{"line":110,"column":12},"end":{"line":114,"column":null}},"type":"if","locations":[{"start":{"line":110,"column":12},"end":{"line":114,"column":null}},{"start":{"line":110,"column":12},"end":{"line":114,"column":null}}]}},"s":{"0":1,"1":1,"2":1,"3":1,"4":1,"5":1,"6":0,"7":0,"8":0,"9":0,"10":0,"11":0,"12":0,"13":0,"14":0,"15":0,"16":0,"17":0,"18":0,"19":0,"20":0,"21":0,"22":0,"23":0,"24":0,"25":0,"26":0,"27":0,"28":0,"29":0,"30":0,"31":0,"32":0,"33":0,"34":0,"35":0,"36":0,"37":0,"38":0,"39":0,"40":0,"41":0},"f":{"0":0,"1":0,"2":0,"3":0,"4":0,"5":0,"6":0,"7":0,"8":0,"9":0,"10":0},"b":{"0":[0,0],"1":[0,0],"2":[0,0],"3":[0,0],"4":[0,0],"5":[0,0],"6":[0,0],"7":[0,0]}}
,"C:\\Users\\むずでょ\\Documents\\GitHub\\Kifu-for-JS\\src\\KifuList.tsx": {"path":"C:\\Users\\むずでょ\\Documents\\GitHub\\Kifu-for-JS\\src\\KifuList.tsx","statementMap":{"0":{"start":{"line":2,"column":0},"end":{"line":2,"column":38}},"1":{"start":{"line":3,"column":0},"end":{"line":3,"column":31}},"2":{"start":{"line":4,"column":0},"end":{"line":4,"column":35}},"3":{"start":{"line":11,"column":0},"end":{"line":45,"column":null}},"4":{"start":{"line":13,"column":8},"end":{"line":13,"column":21}},"5":{"start":{"line":14,"column":8},"end":{"line":14,"column":49}},"6":{"start":{"line":18,"column":24},"end":{"line":18,"column":26}},"7":{"start":{"line":19,"column":26},"end":{"line":19,"column":66}},"8":{"start":{"line":20,"column":8},"end":{"line":34,"column":null}},"9":{"start":{"line":20,"column":21},"end":{"line":20,"column":22}},"10":{"start":{"line":21,"column":25},"end":{"line":21,"column":37}},"11":{"start":{"line":23,"column":16},"end":{"line":28,"column":36}},"12":{"start":{"line":29,"column":12},"end":{"line":33,"column":14}},"13":{"start":{"line":35,"column":8},"end":{"line":39,"column":10}},"14":{"start":{"line":43,"column":8},"end":{"line":43,"column":47}},"15":{"start":{"line":11,"column":21},"end":{"line":45,"column":null}},"16":{"start":{"line":11,"column":21},"end":{"line":11,"column":30}}},"fnMap":{"0":{"name":"(anonymous_1)","decl":{"start":{"line":12,"column":4},"end":{"line":12,"column":16}},"loc":{"start":{"line":12,"column":21},"end":{"line":15,"column":5}}},"1":{"name":"(anonymous_2)","decl":{"start":{"line":17,"column":11},"end":{"line":17,"column":17}},"loc":{"start":{"line":17,"column":17},"end":{"line":40,"column":5}}},"2":{"name":"(anonymous_3)","decl":{"start":{"line":42,"column":11},"end":{"line":42,"column":19}},"loc":{"start":{"line":42,"column":21},"end":{"line":44,"column":5}}}},"branchMap":{"0":{"loc":{"start":{"line":23,"column":44},"end":{"line":23,"column":47}},"type":"cond-expr","locations":[{"start":{"line":23,"column":44},"end":{"line":23,"column":47}},{"start":{"line":23,"column":50},"end":{"line":23,"column":56}}]}},"s":{"0":0,"1":0,"2":0,"3":0,"4":0,"5":0,"6":0,"7":0,"8":0,"9":0,"10":0,"11":0,"12":0,"13":0,"14":0,"15":0,"16":0},"f":{"0":0,"1":0,"2":0},"b":{"0":[0,0]}}
,"C:\\Users\\むずでょ\\Documents\\GitHub\\Kifu-for-JS\\src\\LeftControl.tsx": {"path":"C:\\Users\\むずでょ\\Documents\\GitHub\\Kifu-for-JS\\src\\LeftControl.tsx","statementMap":{"0":{"start":{"line":1,"column":0},"end":{"line":1,"column":38}},"1":{"start":{"line":2,"column":0},"end":{"line":2,"column":31}},"2":{"start":{"line":3,"column":0},"end":{"line":3,"column":34}},"3":{"start":{"line":4,"column":0},"end":{"line":4,"column":34}},"4":{"start":{"line":12,"column":0},"end":{"line":60,"column":null}},"5":{"start":{"line":14,"column":8},"end":{"line":14,"column":21}},"6":{"start":{"line":15,"column":8},"end":{"line":15,"column":51}},"7":{"start":{"line":16,"column":8},"end":{"line":16,"column":65}},"8":{"start":{"line":17,"column":8},"end":{"line":17,"column":59}},"9":{"start":{"line":21,"column":27},"end":{"line":21,"column":47}},"10":{"start":{"line":22,"column":8},"end":{"line":44,"column":10}},"11":{"start":{"line":48,"column":8},"end":{"line":50,"column":null}},"12":{"start":{"line":49,"column":12},"end":{"line":49,"column":55}},"13":{"start":{"line":54,"column":8},"end":{"line":54,"column":45}},"14":{"start":{"line":58,"column":8},"end":{"line":58,"column":63}},"15":{"start":{"line":12,"column":21},"end":{"line":60,"column":null}},"16":{"start":{"line":12,"column":21},"end":{"line":12,"column":33}}},"fnMap":{"0":{"name":"(anonymous_1)","decl":{"start":{"line":13,"column":4},"end":{"line":13,"column":16}},"loc":{"start":{"line":13,"column":21},"end":{"line":18,"column":5}}},"1":{"name":"(anonymous_2)","decl":{"start":{"line":20,"column":11},"end":{"line":20,"column":17}},"loc":{"start":{"line":20,"column":17},"end":{"line":45,"column":5}}},"2":{"name":"(anonymous_3)","decl":{"start":{"line":47,"column":11},"end":{"line":47,"column":20}},"loc":{"start":{"line":47,"column":20},"end":{"line":51,"column":5}}},"3":{"name":"(anonymous_4)","decl":{"start":{"line":53,"column":11},"end":{"line":53,"column":27}},"loc":{"start":{"line":53,"column":27},"end":{"line":55,"column":5}}},"4":{"name":"(anonymous_5)","decl":{"start":{"line":57,"column":12},"end":{"line":57,"column":25}},"loc":{"start":{"line":57,"column":27},"end":{"line":59,"column":5}}}},"branchMap":{"0":{"loc":{"start":{"line":48,"column":8},"end":{"line":50,"column":null}},"type":"if","locations":[{"start":{"line":48,"column":8},"end":{"line":50,"column":null}},{"start":{"line":48,"column":8},"end":{"line":50,"column":null}}]}},"s":{"0":0,"1":0,"2":0,"3":0,"4":0,"5":0,"6":0,"7":0,"8":0,"9":0,"10":0,"11":0,"12":0,"13":0,"14":0,"15":0,"16":0},"f":{"0":0,"1":0,"2":0,"3":0,"4":0},"b":{"0":[0,0]}}
,"C:\\Users\\むずでょ\\Documents\\GitHub\\Kifu-for-JS\\src\\Piece.tsx": {"path":"C:\\Users\\むずでょ\\Documents\\GitHub\\Kifu-for-JS\\src\\Piece.tsx","statementMap":{"0":{"start":{"line":1,"column":0},"end":{"line":1,"column":38}},"1":{"start":{"line":2,"column":0},"end":{"line":2,"column":31}},"2":{"start":{"line":3,"column":0},"end":{"line":3,"column":51}},"3":{"start":{"line":5,"column":0},"end":{"line":5,"column":56}},"4":{"start":{"line":49,"column":0},"end":{"line":65,"column":null}},"5":{"start":{"line":51,"column":20},"end":{"line":56,"column":null}},"6":{"start":{"line":59,"column":8},"end":{"line":63,"column":10}},"7":{"start":{"line":49,"column":21},"end":{"line":65,"column":null}},"8":{"start":{"line":25,"column":12},"end":{"line":25,"column":114}},"9":{"start":{"line":28,"column":12},"end":{"line":28,"column":98}},"10":{"start":{"line":32,"column":8},"end":{"line":35,"column":10}},"11":{"start":{"line":42,"column":12},"end":{"line":42,"column":46}},"12":{"start":{"line":45,"column":27},"end":{"line":47,"column":6}},"13":{"start":{"line":49,"column":21},"end":{"line":49,"column":27}},"14":{"start":{"line":68,"column":4},"end":{"line":68,"column":67}},"15":{"start":{"line":72,"column":4},"end":{"line":72,"column":50}}},"fnMap":{"0":{"name":"(anonymous_1)","decl":{"start":{"line":50,"column":11},"end":{"line":50,"column":17}},"loc":{"start":{"line":50,"column":17},"end":{"line":64,"column":5}}},"1":{"name":"(anonymous_2)","decl":{"start":{"line":24,"column":8},"end":{"line":24,"column":17}},"loc":{"start":{"line":24,"column":51},"end":{"line":26,"column":9}}},"2":{"name":"(anonymous_3)","decl":{"start":{"line":27,"column":8},"end":{"line":27,"column":15}},"loc":{"start":{"line":27,"column":49},"end":{"line":29,"column":9}}},"3":{"name":"collect","decl":{"start":{"line":31,"column":4},"end":{"line":31,"column":21}},"loc":{"start":{"line":31,"column":37},"end":{"line":36,"column":5}}},"4":{"name":"(anonymous_5)","decl":{"start":{"line":41,"column":8},"end":{"line":41,"column":12}},"loc":{"start":{"line":41,"column":46},"end":{"line":43,"column":9}}},"5":{"name":"(anonymous_6)","decl":{"start":{"line":45,"column":4},"end":{"line":45,"column":5}},"loc":{"start":{"line":45,"column":27},"end":{"line":47,"column":6}}},"6":{"name":"getPieceImage","decl":{"start":{"line":67,"column":0},"end":{"line":67,"column":23}},"loc":{"start":{"line":67,"column":28},"end":{"line":69,"column":1}}},"7":{"name":"equalsPos","decl":{"start":{"line":71,"column":0},"end":{"line":71,"column":19}},"loc":{"start":{"line":71,"column":29},"end":{"line":73,"column":1}}}},"branchMap":{"0":{"loc":{"start":{"line":54,"column":99},"end":{"line":54,"column":102}},"type":"cond-expr","locations":[{"start":{"line":54,"column":99},"end":{"line":54,"column":102}},{"start":{"line":54,"column":105},"end":{"line":54,"column":106}}]},"1":{"loc":{"start":{"line":60,"column":98},"end":{"line":60,"column":106}},"type":"cond-expr","locations":[{"start":{"line":60,"column":98},"end":{"line":60,"column":106}},{"start":{"line":60,"column":109},"end":{"line":60,"column":111}}]},"2":{"loc":{"start":{"line":60,"column":27},"end":{"line":60,"column":46}},"type":"binary-expr","locations":[{"start":{"line":60,"column":27},"end":{"line":60,"column":46}},{"start":{"line":60,"column":50},"end":{"line":60,"column":95}}]},"3":{"loc":{"start":{"line":72,"column":11},"end":{"line":72,"column":28}},"type":"binary-expr","locations":[{"start":{"line":72,"column":11},"end":{"line":72,"column":28}},{"start":{"line":72,"column":32},"end":{"line":72,"column":49}}]}},"s":{"0":0,"1":0,"2":0,"3":0,"4":0,"5":0,"6":0,"7":0,"8":0,"9":0,"10":0,"11":0,"12":0,"13":0,"14":0,"15":0},"f":{"0":0,"1":0,"2":0,"3":0,"4":0,"5":0,"6":0,"7":0},"b":{"0":[0,0],"1":[0,0],"2":[0,0],"3":[0,0]}}
,"C:\\Users\\むずでょ\\Documents\\GitHub\\Kifu-for-JS\\src\\PieceHand.tsx": {"path":"C:\\Users\\むずでょ\\Documents\\GitHub\\Kifu-for-JS\\src\\PieceHand.tsx","statementMap":{"0":{"start":{"line":1,"column":0},"end":{"line":1,"column":31}},"1":{"start":{"line":3,"column":0},"end":{"line":3,"column":51}},"2":{"start":{"line":5,"column":0},"end":{"line":5,"column":56}},"3":{"start":{"line":44,"column":0},"end":{"line":57,"column":null}},"4":{"start":{"line":47,"column":12},"end":{"line":49,"column":109}},"5":{"start":{"line":50,"column":8},"end":{"line":50,"column":56}},"6":{"start":{"line":51,"column":8},"end":{"line":55,"column":10}},"7":{"start":{"line":44,"column":21},"end":{"line":57,"column":null}},"8":{"start":{"line":21,"column":12},"end":{"line":26,"column":14}},"9":{"start":{"line":29,"column":25},"end":{"line":29,"column":77}},"10":{"start":{"line":30,"column":12},"end":{"line":34,"column":15}},"11":{"start":{"line":38,"column":8},"end":{"line":41,"column":10}},"12":{"start":{"line":44,"column":21},"end":{"line":44,"column":31}},"13":{"start":{"line":60,"column":4},"end":{"line":60,"column":67}}},"fnMap":{"0":{"name":"(anonymous_1)","decl":{"start":{"line":45,"column":11},"end":{"line":45,"column":17}},"loc":{"start":{"line":45,"column":17},"end":{"line":56,"column":5}}},"1":{"name":"(anonymous_2)","decl":{"start":{"line":20,"column":8},"end":{"line":20,"column":17}},"loc":{"start":{"line":20,"column":43},"end":{"line":27,"column":9}}},"2":{"name":"(anonymous_3)","decl":{"start":{"line":28,"column":8},"end":{"line":28,"column":15}},"loc":{"start":{"line":28,"column":41},"end":{"line":35,"column":9}}},"3":{"name":"collect","decl":{"start":{"line":37,"column":4},"end":{"line":37,"column":21}},"loc":{"start":{"line":37,"column":37},"end":{"line":42,"column":5}}},"4":{"name":"getPieceImage","decl":{"start":{"line":59,"column":0},"end":{"line":59,"column":23}},"loc":{"start":{"line":59,"column":28},"end":{"line":61,"column":1}}}},"branchMap":{"0":{"loc":{"start":{"line":48,"column":18},"end":{"line":48,"column":20}},"type":"cond-expr","locations":[{"start":{"line":48,"column":18},"end":{"line":48,"column":20}},{"start":{"line":49,"column":18},"end":{"line":49,"column":109}}]},"1":{"loc":{"start":{"line":50,"column":48},"end":{"line":50,"column":51}},"type":"cond-expr","locations":[{"start":{"line":50,"column":48},"end":{"line":50,"column":51}},{"start":{"line":50,"column":54},"end":{"line":50,"column":55}}]}},"s":{"0":0,"1":0,"2":0,"3":0,"4":0,"5":0,"6":0,"7":0,"8":0,"9":0,"10":0,"11":0,"12":0,"13":0},"f":{"0":0,"1":0,"2":0,"3":0,"4":0},"b":{"0":[0,0],"1":[0,0]}}
,"C:\\Users\\むずでょ\\Documents\\GitHub\\Kifu-for-JS\\src\\PieceHandGroup.tsx": {"path":"C:\\Users\\むずでょ\\Documents\\GitHub\\Kifu-for-JS\\src\\PieceHandGroup.tsx","statementMap":{"0":{"start":{"line":1,"column":0},"end":{"line":1,"column":34}},"1":{"start":{"line":2,"column":0},"end":{"line":2,"column":31}},"2":{"start":{"line":3,"column":0},"end":{"line":3,"column":36}},"3":{"start":{"line":15,"column":8},"end":{"line":23,"column":null}},"4":{"start":{"line":16,"column":12},"end":{"line":18,"column":null}},"5":{"start":{"line":17,"column":16},"end":{"line":17,"column":76}},"6":{"start":{"line":17,"column":36},"end":{"line":17,"column":75}},"7":{"start":{"line":20,"column":12},"end":{"line":22,"column":null}},"8":{"start":{"line":21,"column":16},"end":{"line":21,"column":75}},"9":{"start":{"line":21,"column":36},"end":{"line":21,"column":74}},"10":{"start":{"line":24,"column":23},"end":{"line":24,"column":25}},"11":{"start":{"line":25,"column":8},"end":{"line":35,"column":null}},"12":{"start":{"line":25,"column":21},"end":{"line":25,"column":22}},"13":{"start":{"line":26,"column":12},"end":{"line":34,"column":14}},"14":{"start":{"line":36,"column":27},"end":{"line":36,"column":40}},"15":{"start":{"line":37,"column":8},"end":{"line":39,"column":null}},"16":{"start":{"line":38,"column":12},"end":{"line":38,"column":80}},"17":{"start":{"line":40,"column":8},"end":{"line":40,"column":70}},"18":{"start":{"line":12,"column":0},"end":{"line":12,"column":36}}},"fnMap":{"0":{"name":"(anonymous_0)","decl":{"start":{"line":13,"column":11},"end":{"line":13,"column":17}},"loc":{"start":{"line":13,"column":17},"end":{"line":41,"column":5}}},"1":{"name":"(anonymous_1)","decl":{"start":{"line":17,"column":29},"end":{"line":17,"column":30}},"loc":{"start":{"line":17,"column":36},"end":{"line":17,"column":75}}},"2":{"name":"(anonymous_2)","decl":{"start":{"line":21,"column":29},"end":{"line":21,"column":30}},"loc":{"start":{"line":21,"column":36},"end":{"line":21,"column":74}}}},"branchMap":{"0":{"loc":{"start":{"line":15,"column":8},"end":{"line":23,"column":null}},"type":"if","locations":[{"start":{"line":15,"column":8},"end":{"line":23,"column":null}},{"start":{"line":15,"column":8},"end":{"line":23,"column":null}}]},"1":{"loc":{"start":{"line":16,"column":12},"end":{"line":18,"column":null}},"type":"if","locations":[{"start":{"line":16,"column":12},"end":{"line":18,"column":null}},{"start":{"line":16,"column":12},"end":{"line":18,"column":null}}]},"2":{"loc":{"start":{"line":20,"column":12},"end":{"line":22,"column":null}},"type":"if","locations":[{"start":{"line":20,"column":12},"end":{"line":22,"column":null}},{"start":{"line":20,"column":12},"end":{"line":22,"column":null}}]},"3":{"loc":{"start":{"line":32,"column":43},"end":{"line":32,"column":56}},"type":"cond-expr","locations":[{"start":{"line":32,"column":43},"end":{"line":32,"column":56}},{"start":{"line":32,"column":59},"end":{"line":32,"column":63}}]},"4":{"loc":{"start":{"line":37,"column":8},"end":{"line":39,"column":null}},"type":"if","locations":[{"start":{"line":37,"column":8},"end":{"line":39,"column":null}},{"start":{"line":37,"column":8},"end":{"line":39,"column":null}}]},"5":{"loc":{"start":{"line":38,"column":60},"end":{"line":38,"column":65}},"type":"cond-expr","locations":[{"start":{"line":38,"column":60},"end":{"line":38,"column":65}},{"start":{"line":38,"column":68},"end":{"line":38,"column":78}}]}},"s":{"0":0,"1":0,"2":0,"3":0,"4":0,"5":0,"6":0,"7":0,"8":0,"9":0,"10":0,"11":0,"12":0,"13":0,"14":0,"15":0,"16":0,"17":0,"18":0},"f":{"0":0,"1":0,"2":0},"b":{"0":[0,0],"1":[0,0],"2":[0,0],"3":[0,0],"4":[0,0],"5":[0,0]}}
,"C:\\Users\\むずでょ\\Documents\\GitHub\\Kifu-for-JS\\src\\bookmarklet.ts": {"path":"C:\\Users\\むずでょ\\Documents\\GitHub\\Kifu-for-JS\\src\\bookmarklet.ts","statementMap":{"0":{"start":{"line":1,"column":8},"end":{"line":1,"column":40}},"1":{"start":{"line":2,"column":0},"end":{"line":2,"column":78}},"2":{"start":{"line":3,"column":0},"end":{"line":3,"column":29}}},"fnMap":{},"branchMap":{},"s":{"0":0,"1":0,"2":0},"f":{},"b":{}}
,"C:\\Users\\むずでょ\\Documents\\GitHub\\Kifu-for-JS\\src\\index.tsx": {"path":"C:\\Users\\むずでょ\\Documents\\GitHub\\Kifu-for-JS\\src\\index.tsx","statementMap":{"0":{"start":{"line":7,"column":0},"end":{"line":7,"column":31}},"1":{"start":{"line":8,"column":0},"end":{"line":8,"column":35}},"2":{"start":{"line":9,"column":0},"end":{"line":9,"column":26}},"3":{"start":{"line":10,"column":0},"end":{"line":10,"column":43}},"4":{"start":{"line":11,"column":0},"end":{"line":11,"column":42}},"5":{"start":{"line":14,"column":4},"end":{"line":14,"column":38}},"6":{"start":{"line":13,"column":0},"end":{"line":13,"column":27}},"7":{"start":{"line":18,"column":4},"end":{"line":18,"column":42}},"8":{"start":{"line":17,"column":0},"end":{"line":17,"column":21}},"9":{"start":{"line":22,"column":4},"end":{"line":37,"column":7}},"10":{"start":{"line":23,"column":8},"end":{"line":30,"column":null}},"11":{"start":{"line":24,"column":12},"end":{"line":28,"column":30}},"12":{"start":{"line":29,"column":12},"end":{"line":29,"column":58}},"13":{"start":{"line":31,"column":8},"end":{"line":36,"column":11}},"14":{"start":{"line":32,"column":30},"end":{"line":32,"column":57}},"15":{"start":{"line":33,"column":30},"end":{"line":33,"column":45}},"16":{"start":{"line":34,"column":12},"end":{"line":34,"column":94}},"17":{"start":{"line":35,"column":12},"end":{"line":35,"column":31}}},"fnMap":{"0":{"name":"loadString","decl":{"start":{"line":13,"column":0},"end":{"line":13,"column":27}},"loc":{"start":{"line":13,"column":52},"end":{"line":15,"column":1}}},"1":{"name":"load","decl":{"start":{"line":17,"column":0},"end":{"line":17,"column":21}},"loc":{"start":{"line":17,"column":50},"end":{"line":19,"column":1}}},"2":{"name":"loadCommon","decl":{"start":{"line":21,"column":0},"end":{"line":21,"column":20}},"loc":{"start":{"line":21,"column":38},"end":{"line":38,"column":1}}},"3":{"name":"(anonymous_3)","decl":{"start":{"line":22,"column":23},"end":{"line":22,"column":24}},"loc":{"start":{"line":22,"column":35},"end":{"line":37,"column":5}}},"4":{"name":"(anonymous_4)","decl":{"start":{"line":31,"column":19},"end":{"line":31,"column":22}},"loc":{"start":{"line":31,"column":24},"end":{"line":36,"column":9}}}},"branchMap":{"0":{"loc":{"start":{"line":23,"column":8},"end":{"line":30,"column":null}},"type":"if","locations":[{"start":{"line":23,"column":8},"end":{"line":30,"column":null}},{"start":{"line":23,"column":8},"end":{"line":30,"column":null}}]}},"s":{"0":1,"1":1,"2":1,"3":0,"4":0,"5":0,"6":0,"7":0,"8":0,"9":0,"10":0,"11":0,"12":0,"13":0,"14":0,"15":0,"16":0,"17":0},"f":{"0":0,"1":0,"2":0,"3":0,"4":0},"b":{"0":[0,0]}}
,"C:\\Users\\むずでょ\\Documents\\GitHub\\Kifu-for-JS\\src\\public-bookmarklet.ts": {"path":"C:\\Users\\むずでょ\\Documents\\GitHub\\Kifu-for-JS\\src\\public-bookmarklet.ts","statementMap":{"0":{"start":{"line":15,"column":4},"end":{"line":19,"column":null}},"1":{"start":{"line":16,"column":8},"end":{"line":16,"column":45}},"2":{"start":{"line":18,"column":8},"end":{"line":18,"column":40}},"3":{"start":{"line":22,"column":8},"end":{"line":22,"column":35}},"4":{"start":{"line":23,"column":8},"end":{"line":23,"column":16}},"5":{"start":{"line":27,"column":27},"end":{"line":27,"column":29}},"6":{"start":{"line":28,"column":8},"end":{"line":37,"column":11}},"7":{"start":{"line":31,"column":28},"end":{"line":31,"column":44}},"8":{"start":{"line":32,"column":25},"end":{"line":32,"column":56}},"9":{"start":{"line":33,"column":29},"end":{"line":33,"column":43}},"10":{"start":{"line":34,"column":29},"end":{"line":34,"column":74}},"11":{"start":{"line":35,"column":12},"end":{"line":35,"column":69}},"12":{"start":{"line":36,"column":12},"end":{"line":36,"column":70}},"13":{"start":{"line":38,"column":8},"end":{"line":58,"column":11}},"14":{"start":{"line":40,"column":28},"end":{"line":40,"column":44}},"15":{"start":{"line":42,"column":12},"end":{"line":50,"column":19}},"16":{"start":{"line":46,"column":30},"end":{"line":46,"column":43}},"17":{"start":{"line":47,"column":20},"end":{"line":49,"column":null}},"18":{"start":{"line":48,"column":24},"end":{"line":48,"column":40}},"19":{"start":{"line":51,"column":12},"end":{"line":53,"column":null}},"20":{"start":{"line":52,"column":16},"end":{"line":52,"column":23}},"21":{"start":{"line":55,"column":29},"end":{"line":55,"column":43}},"22":{"start":{"line":56,"column":12},"end":{"line":56,"column":69}},"23":{"start":{"line":57,"column":12},"end":{"line":57,"column":70}},"24":{"start":{"line":62,"column":30},"end":{"line":62,"column":48}},"25":{"start":{"line":63,"column":20},"end":{"line":63,"column":28}},"26":{"start":{"line":64,"column":8},"end":{"line":97,"column":null}},"27":{"start":{"line":67,"column":12},"end":{"line":67,"column":71}},"28":{"start":{"line":68,"column":12},"end":{"line":68,"column":115}},"29":{"start":{"line":69,"column":15},"end":{"line":97,"column":null}},"30":{"start":{"line":74,"column":12},"end":{"line":79,"column":15}},"31":{"start":{"line":75,"column":26},"end":{"line":75,"column":39}},"32":{"start":{"line":76,"column":16},"end":{"line":78,"column":null}},"33":{"start":{"line":77,"column":20},"end":{"line":77,"column":36}},"34":{"start":{"line":80,"column":12},"end":{"line":84,"column":null}},"35":{"start":{"line":81,"column":16},"end":{"line":81,"column":55}},"36":{"start":{"line":82,"column":16},"end":{"line":82,"column":49}},"37":{"start":{"line":83,"column":16},"end":{"line":83,"column":80}},"38":{"start":{"line":88,"column":12},"end":{"line":96,"column":19}},"39":{"start":{"line":89,"column":39},"end":{"line":89,"column":83}},"40":{"start":{"line":91,"column":38},"end":{"line":91,"column":91}},"41":{"start":{"line":92,"column":36},"end":{"line":92,"column":77}},"42":{"start":{"line":93,"column":20},"end":{"line":95,"column":null}},"43":{"start":{"line":94,"column":24},"end":{"line":94,"column":116}},"44":{"start":{"line":99,"column":8},"end":{"line":101,"column":null}},"45":{"start":{"line":100,"column":12},"end":{"line":100,"column":52}},"46":{"start":{"line":103,"column":21},"end":{"line":103,"column":42}},"47":{"start":{"line":105,"column":8},"end":{"line":107,"column":12}},"48":{"start":{"line":106,"column":12},"end":{"line":106,"column":null}},"49":{"start":{"line":111,"column":21},"end":{"line":111,"column":42}},"50":{"start":{"line":112,"column":26},"end":{"line":112,"column":40}},"51":{"start":{"line":113,"column":19},"end":{"line":113,"column":33}},"52":{"start":{"line":114,"column":8},"end":{"line":114,"column":71}},"53":{"start":{"line":115,"column":8},"end":{"line":115,"column":72}},"54":{"start":{"line":120,"column":4},"end":{"line":122,"column":18}},"55":{"start":{"line":125,"column":14},"end":{"line":125,"column":31}},"56":{"start":{"line":127,"column":0},"end":{"line":138,"column":null}},"57":{"start":{"line":128,"column":4},"end":{"line":137,"column":9}},"58":{"start":{"line":128,"column":33},"end":{"line":137,"column":7}},"59":{"start":{"line":129,"column":20},"end":{"line":129,"column":52}},"60":{"start":{"line":130,"column":8},"end":{"line":130,"column":79}},"61":{"start":{"line":131,"column":8},"end":{"line":131,"column":30}},"62":{"start":{"line":132,"column":8},"end":{"line":135,"column":10}},"63":{"start":{"line":133,"column":12},"end":{"line":133,"column":23}},"64":{"start":{"line":134,"column":12},"end":{"line":134,"column":22}},"65":{"start":{"line":136,"column":8},"end":{"line":136,"column":39}},"66":{"start":{"line":140,"column":0},"end":{"line":140,"column":37}},"67":{"start":{"line":143,"column":4},"end":{"line":143,"column":79}},"68":{"start":{"line":143,"column":11},"end":{"line":143,"column":78}}},"fnMap":{"0":{"name":"start","decl":{"start":{"line":14,"column":0},"end":{"line":14,"column":null}},"loc":{"start":{"line":14,"column":0},"end":{"line":117,"column":null}}},"1":{"name":"fail","decl":{"start":{"line":21,"column":4},"end":{"line":21,"column":18}},"loc":{"start":{"line":21,"column":19},"end":{"line":24,"column":5}}},"2":{"name":"replaceAll","decl":{"start":{"line":26,"column":4},"end":{"line":26,"column":null}},"loc":{"start":{"line":26,"column":4},"end":{"line":108,"column":null}}},"3":{"name":"(anonymous_11)","decl":{"start":{"line":28,"column":42},"end":{"line":28,"column":null}},"loc":{"start":{"line":28,"column":42},"end":{"line":37,"column":9}}},"4":{"name":"(anonymous_12)","decl":{"start":{"line":38,"column":47},"end":{"line":38,"column":null}},"loc":{"start":{"line":38,"column":47},"end":{"line":58,"column":9}}},"5":{"name":"(anonymous_13)","decl":{"start":{"line":45,"column":21},"end":{"line":45,"column":22}},"loc":{"start":{"line":45,"column":28},"end":{"line":50,"column":17}}},"6":{"name":"(anonymous_14)","decl":{"start":{"line":74,"column":48},"end":{"line":74,"column":49}},"loc":{"start":{"line":74,"column":55},"end":{"line":79,"column":13}}},"7":{"name":"(anonymous_15)","decl":{"start":{"line":89,"column":24},"end":{"line":89,"column":25}},"loc":{"start":{"line":89,"column":39},"end":{"line":89,"column":83}}},"8":{"name":"(anonymous_16)","decl":{"start":{"line":90,"column":22},"end":{"line":90,"column":23}},"loc":{"start":{"line":90,"column":36},"end":{"line":96,"column":17}}},"9":{"name":"(anonymous_17)","decl":{"start":{"line":105,"column":42},"end":{"line":105,"column":43}},"loc":{"start":{"line":105,"column":53},"end":{"line":107,"column":9}}},"10":{"name":"replaceSelected","decl":{"start":{"line":110,"column":4},"end":{"line":110,"column":null}},"loc":{"start":{"line":110,"column":4},"end":{"line":116,"column":null}}},"11":{"name":"makeRandomId","decl":{"start":{"line":119,"column":0},"end":{"line":119,"column":null}},"loc":{"start":{"line":119,"column":0},"end":{"line":123,"column":1}}},"12":{"name":"(anonymous_21)","decl":{"start":{"line":128,"column":27},"end":{"line":128,"column":30}},"loc":{"start":{"line":128,"column":33},"end":{"line":137,"column":7}}},"13":{"name":"(anonymous_22)","decl":{"start":{"line":128,"column":52},"end":{"line":128,"column":59}},"loc":{"start":{"line":128,"column":62},"end":{"line":137,"column":5}}},"14":{"name":"(anonymous_23)","decl":{"start":{"line":132,"column":21},"end":{"line":132,"column":24}},"loc":{"start":{"line":132,"column":26},"end":{"line":135,"column":9}}},"15":{"name":"loadKifuForJS","decl":{"start":{"line":142,"column":0},"end":{"line":142,"column":null}},"loc":{"start":{"line":142,"column":0},"end":{"line":144,"column":null}}},"16":{"name":"(anonymous_26)","decl":{"start":{"line":143,"column":11},"end":{"line":143,"column":24}},"loc":{"start":{"line":143,"column":11},"end":{"line":143,"column":78}}}},"branchMap":{"0":{"loc":{"start":{"line":15,"column":4},"end":{"line":19,"column":null}},"type":"if","locations":[{"start":{"line":15,"column":4},"end":{"line":19,"column":null}},{"start":{"line":15,"column":4},"end":{"line":19,"column":null}}]},"1":{"loc":{"start":{"line":15,"column":8},"end":{"line":15,"column":27}},"type":"binary-expr","locations":[{"start":{"line":15,"column":8},"end":{"line":15,"column":27}},{"start":{"line":15,"column":31},"end":{"line":15,"column":63}}]},"2":{"loc":{"start":{"line":32,"column":25},"end":{"line":32,"column":49}},"type":"binary-expr","locations":[{"start":{"line":32,"column":25},"end":{"line":32,"column":49}},{"start":{"line":32,"column":53},"end":{"line":32,"column":56}}]},"3":{"loc":{"start":{"line":47,"column":20},"end":{"line":49,"column":null}},"type":"if","locations":[{"start":{"line":47,"column":20},"end":{"line":49,"column":null}},{"start":{"line":47,"column":20},"end":{"line":49,"column":null}}]},"4":{"loc":{"start":{"line":51,"column":12},"end":{"line":53,"column":null}},"type":"if","locations":[{"start":{"line":51,"column":12},"end":{"line":53,"column":null}},{"start":{"line":51,"column":12},"end":{"line":53,"column":null}}]},"5":{"loc":{"start":{"line":64,"column":8},"end":{"line":97,"column":null}},"type":"if","locations":[{"start":{"line":64,"column":8},"end":{"line":97,"column":null}},{"start":{"line":64,"column":8},"end":{"line":97,"column":null}}]},"6":{"loc":{"start":{"line":64,"column":12},"end":{"line":64,"column":37}},"type":"binary-expr","locations":[{"start":{"line":64,"column":12},"end":{"line":64,"column":37}},{"start":{"line":64,"column":41},"end":{"line":64,"column":53}},{"start":{"line":64,"column":57},"end":{"line":64,"column":74}},{"start":{"line":64,"column":78},"end":{"line":64,"column":102}}]},"7":{"loc":{"start":{"line":69,"column":15},"end":{"line":97,"column":null}},"type":"if","locations":[{"start":{"line":69,"column":15},"end":{"line":97,"column":null}},{"start":{"line":69,"column":15},"end":{"line":97,"column":null}}]},"8":{"loc":{"start":{"line":69,"column":19},"end":{"line":69,"column":48}},"type":"binary-expr","locations":[{"start":{"line":69,"column":19},"end":{"line":69,"column":48}},{"start":{"line":69,"column":52},"end":{"line":69,"column":68}},{"start":{"line":69,"column":72},"end":{"line":69,"column":86}}]},"9":{"loc":{"start":{"line":76,"column":16},"end":{"line":78,"column":null}},"type":"if","locations":[{"start":{"line":76,"column":16},"end":{"line":78,"column":null}},{"start":{"line":76,"column":16},"end":{"line":78,"column":null}}]},"10":{"loc":{"start":{"line":80,"column":12},"end":{"line":84,"column":null}},"type":"if","locations":[{"start":{"line":80,"column":12},"end":{"line":84,"column":null}},{"start":{"line":80,"column":12},"end":{"line":84,"column":null}}]},"11":{"loc":{"start":{"line":93,"column":20},"end":{"line":95,"column":null}},"type":"if","locations":[{"start":{"line":93,"column":20},"end":{"line":95,"column":null}},{"start":{"line":93,"column":20},"end":{"line":95,"column":null}}]},"12":{"loc":{"start":{"line":93,"column":24},"end":{"line":93,"column":33}},"type":"binary-expr","locations":[{"start":{"line":93,"column":24},"end":{"line":93,"column":33}},{"start":{"line":93,"column":37},"end":{"line":93,"column":44}}]},"13":{"loc":{"start":{"line":99,"column":8},"end":{"line":101,"column":null}},"type":"if","locations":[{"start":{"line":99,"column":8},"end":{"line":101,"column":null}},{"start":{"line":99,"column":8},"end":{"line":101,"column":null}}]},"14":{"loc":{"start":{"line":127,"column":0},"end":{"line":138,"column":null}},"type":"if","locations":[{"start":{"line":127,"column":0},"end":{"line":138,"column":null}},{"start":{"line":127,"column":0},"end":{"line":138,"column":null}}]},"15":{"loc":{"start":{"line":127,"column":4},"end":{"line":127,"column":28}},"type":"binary-expr","locations":[{"start":{"line":127,"column":4},"end":{"line":127,"column":28}},{"start":{"line":127,"column":32},"end":{"line":127,"column":37}},{"start":{"line":127,"column":41},"end":{"line":127,"column":53}}]}},"s":{"0":5,"1":2,"2":3,"3":5,"4":5,"5":3,"6":3,"7":2,"8":2,"9":2,"10":2,"11":2,"12":2,"13":3,"14":1,"15":1,"16":3,"17":3,"18":1,"19":1,"20":0,"21":1,"22":1,"23":1,"24":3,"25":3,"26":3,"27":0,"28":0,"29":3,"30":0,"31":0,"32":0,"33":0,"34":0,"35":0,"36":0,"37":0,"38":3,"39":1,"40":1,"41":1,"42":1,"43":1,"44":3,"45":0,"46":3,"47":3,"48":3,"49":2,"50":2,"51":2,"52":2,"53":2,"54":5,"55":5,"56":5,"57":0,"58":0,"59":0,"60":0,"61":0,"62":0,"63":0,"64":0,"65":0,"66":5,"67":5,"68":5},"f":{"0":5,"1":5,"2":3,"3":2,"4":1,"5":3,"6":0,"7":1,"8":1,"9":3,"10":2,"11":5,"12":0,"13":0,"14":0,"15":5,"16":5},"b":{"0":[2,3],"1":[5,5],"2":[2,0],"3":[1,2],"4":[0,1],"5":[0,3],"6":[3,0,0,0],"7":[0,3],"8":[3,0,0],"9":[0,0],"10":[0,0],"11":[1,0],"12":[1,1],"13":[0,3],"14":[0,5],"15":[5,5,5]}}
,"C:\\Users\\むずでょ\\Documents\\GitHub\\Kifu-for-JS\\src\\images\\PieceImage.ts": {"path":"C:\\Users\\むずでょ\\Documents\\GitHub\\Kifu-for-JS\\src\\images\\PieceImage.ts","statementMap":{"0":{"start":{"line":2,"column":0},"end":{"line":2,"column":36}},"1":{"start":{"line":3,"column":0},"end":{"line":3,"column":36}},"2":{"start":{"line":4,"column":0},"end":{"line":4,"column":36}},"3":{"start":{"line":5,"column":0},"end":{"line":5,"column":36}},"4":{"start":{"line":6,"column":0},"end":{"line":6,"column":36}},"5":{"start":{"line":7,"column":0},"end":{"line":7,"column":36}},"6":{"start":{"line":8,"column":0},"end":{"line":8,"column":36}},"7":{"start":{"line":9,"column":0},"end":{"line":9,"column":36}},"8":{"start":{"line":10,"column":0},"end":{"line":10,"column":36}},"9":{"start":{"line":11,"column":0},"end":{"line":11,"column":36}},"10":{"start":{"line":12,"column":0},"end":{"line":12,"column":36}},"11":{"start":{"line":13,"column":0},"end":{"line":13,"column":36}},"12":{"start":{"line":14,"column":0},"end":{"line":14,"column":36}},"13":{"start":{"line":15,"column":0},"end":{"line":15,"column":36}},"14":{"start":{"line":16,"column":0},"end":{"line":16,"column":36}},"15":{"start":{"line":17,"column":0},"end":{"line":17,"column":36}},"16":{"start":{"line":18,"column":0},"end":{"line":18,"column":36}},"17":{"start":{"line":19,"column":0},"end":{"line":19,"column":36}},"18":{"start":{"line":20,"column":0},"end":{"line":20,"column":36}},"19":{"start":{"line":21,"column":0},"end":{"line":21,"column":36}},"20":{"start":{"line":22,"column":0},"end":{"line":22,"column":36}},"21":{"start":{"line":23,"column":0},"end":{"line":23,"column":36}},"22":{"start":{"line":24,"column":0},"end":{"line":24,"column":36}},"23":{"start":{"line":25,"column":0},"end":{"line":25,"column":36}},"24":{"start":{"line":26,"column":0},"end":{"line":26,"column":36}},"25":{"start":{"line":27,"column":0},"end":{"line":27,"column":36}},"26":{"start":{"line":28,"column":0},"end":{"line":28,"column":36}},"27":{"start":{"line":29,"column":0},"end":{"line":29,"column":36}},"28":{"start":{"line":30,"column":0},"end":{"line":30,"column":40}},"29":{"start":{"line":32,"column":12},"end":{"line":47,"column":2}},"30":{"start":{"line":50,"column":4},"end":{"line":54,"column":null}},"31":{"start":{"line":51,"column":8},"end":{"line":51,"column":76}},"32":{"start":{"line":53,"column":8},"end":{"line":53,"column":21}},"33":{"start":{"line":49,"column":0},"end":{"line":49,"column":34}},"34":{"start":{"line":58,"column":16},"end":{"line":58,"column":25}},"35":{"start":{"line":59,"column":4},"end":{"line":59,"column":36}},"36":{"start":{"line":57,"column":0},"end":{"line":57,"column":23}}},"fnMap":{"0":{"name":"getUrlWithReverse","decl":{"start":{"line":49,"column":0},"end":{"line":49,"column":34}},"loc":{"start":{"line":49,"column":89},"end":{"line":55,"column":1}}},"1":{"name":"getUrl","decl":{"start":{"line":57,"column":0},"end":{"line":57,"column":23}},"loc":{"start":{"line":57,"column":50},"end":{"line":60,"column":1}}}},"branchMap":{"0":{"loc":{"start":{"line":50,"column":4},"end":{"line":54,"column":null}},"type":"if","locations":[{"start":{"line":50,"column":4},"end":{"line":54,"column":null}},{"start":{"line":50,"column":4},"end":{"line":54,"column":null}}]},"1":{"loc":{"start":{"line":50,"column":7},"end":{"line":50,"column":12}},"type":"binary-expr","locations":[{"start":{"line":50,"column":7},"end":{"line":50,"column":12}},{"start":{"line":50,"column":16},"end":{"line":50,"column":26}}]},"2":{"loc":{"start":{"line":51,"column":45},"end":{"line":51,"column":60}},"type":"cond-expr","locations":[{"start":{"line":51,"column":45},"end":{"line":51,"column":60}},{"start":{"line":51,"column":63},"end":{"line":51,"column":74}}]},"3":{"loc":{"start":{"line":59,"column":17},"end":{"line":59,"column":27}},"type":"cond-expr","locations":[{"start":{"line":59,"column":17},"end":{"line":59,"column":27}},{"start":{"line":59,"column":30},"end":{"line":59,"column":35}}]}},"s":{"0":0,"1":0,"2":0,"3":0,"4":0,"5":0,"6":0,"7":0,"8":0,"9":0,"10":0,"11":0,"12":0,"13":0,"14":0,"15":0,"16":0,"17":0,"18":0,"19":0,"20":0,"21":0,"22":0,"23":0,"24":0,"25":0,"26":0,"27":0,"28":0,"29":0,"30":0,"31":0,"32":0,"33":0,"34":0,"35":0,"36":0},"f":{"0":0,"1":0},"b":{"0":[0,0],"1":[0,0],"2":[0,0],"3":[0,0]}}
,"C:\\Users\\むずでょ\\Documents\\GitHub\\Kifu-for-JS\\src\\stores\\KifuStore.ts": {"path":"C:\\Users\\むずでょ\\Documents\\GitHub\\Kifu-for-JS\\src\\stores\\KifuStore.ts","statementMap":{"0":{"start":{"line":1,"column":0},"end":{"line":1,"column":45}},"1":{"start":{"line":2,"column":0},"end":{"line":2,"column":50}},"2":{"start":{"line":3,"column":0},"end":{"line":3,"column":43}},"3":{"start":{"line":5,"column":27},"end":{"line":9,"column":8}},"4":{"start":{"line":6,"column":4},"end":{"line":9,"column":8}},"5":{"start":{"line":12,"column":11},"end":{"line":12,"column":37}},"6":{"start":{"line":13,"column":23},"end":{"line":13,"column":45}},"7":{"start":{"line":21,"column":8},"end":{"line":21,"column":65}},"8":{"start":{"line":25,"column":8},"end":{"line":25,"column":28}},"9":{"start":{"line":29,"column":8},"end":{"line":33,"column":11}},"10":{"start":{"line":34,"column":8},"end":{"line":38,"column":11}},"11":{"start":{"line":39,"column":8},"end":{"line":39,"column":30}},"12":{"start":{"line":40,"column":9},"end":{"line":40,"column":40}},"13":{"start":{"line":41,"column":9},"end":{"line":41,"column":36}},"14":{"start":{"line":45,"column":8},"end":{"line":45,"column":39}},"15":{"start":{"line":49,"column":8},"end":{"line":56,"column":null}},"16":{"start":{"line":50,"column":12},"end":{"line":53,"column":null}},"17":{"start":{"line":51,"column":16},"end":{"line":51,"column":49}},"18":{"start":{"line":52,"column":16},"end":{"line":52,"column":44}},"19":{"start":{"line":60,"column":8},"end":{"line":62,"column":null}},"20":{"start":{"line":61,"column":12},"end":{"line":61,"column":53}},"21":{"start":{"line":66,"column":8},"end":{"line":66,"column":25}},"22":{"start":{"line":67,"column":8},"end":{"line":74,"column":null}},"23":{"start":{"line":68,"column":30},"end":{"line":68,"column":61}},"24":{"start":{"line":69,"column":12},"end":{"line":69,"column":50}},"25":{"start":{"line":70,"column":12},"end":{"line":70,"column":36}},"26":{"start":{"line":72,"column":12},"end":{"line":72,"column":79}},"27":{"start":{"line":73,"column":12},"end":{"line":73,"column":41}},"28":{"start":{"line":78,"column":8},"end":{"line":78,"column":25}},"29":{"start":{"line":79,"column":8},"end":{"line":79,"column":33}},"30":{"start":{"line":80,"column":8},"end":{"line":99,"column":10}},"31":{"start":{"line":82,"column":16},"end":{"line":93,"column":null}},"32":{"start":{"line":83,"column":20},"end":{"line":86,"column":null}},"33":{"start":{"line":85,"column":24},"end":{"line":85,"column":31}},"34":{"start":{"line":87,"column":38},"end":{"line":87,"column":69}},"35":{"start":{"line":88,"column":20},"end":{"line":88,"column":58}},"36":{"start":{"line":89,"column":20},"end":{"line":89,"column":44}},"37":{"start":{"line":91,"column":20},"end":{"line":91,"column":87}},"38":{"start":{"line":92,"column":20},"end":{"line":92,"column":49}},"39":{"start":{"line":96,"column":16},"end":{"line":96,"column":45}},"40":{"start":{"line":97,"column":16},"end":{"line":97,"column":33}},"41":{"start":{"line":103,"column":8},"end":{"line":105,"column":null}},"42":{"start":{"line":104,"column":12},"end":{"line":104,"column":53}},"43":{"start":{"line":106,"column":18},"end":{"line":106,"column":40}},"44":{"start":{"line":107,"column":8},"end":{"line":111,"column":null}},"45":{"start":{"line":108,"column":12},"end":{"line":110,"column":25}},"46":{"start":{"line":109,"column":16},"end":{"line":109,"column":45}},"47":{"start":{"line":115,"column":8},"end":{"line":115,"column":90}},"48":{"start":{"line":115,"column":53},"end":{"line":115,"column":88}},"49":{"start":{"line":13,"column":16},"end":{"line":13,"column":null}},"50":{"start":{"line":14,"column":16},"end":{"line":14,"column":null}},"51":{"start":{"line":15,"column":16},"end":{"line":15,"column":null}},"52":{"start":{"line":17,"column":16},"end":{"line":17,"column":null}},"53":{"start":{"line":11,"column":0},"end":{"line":11,"column":null}},"54":{"start":{"line":125,"column":4},"end":{"line":127,"column":null}},"55":{"start":{"line":126,"column":8},"end":{"line":126,"column":15}},"56":{"start":{"line":128,"column":18},"end":{"line":128,"column":102}},"57":{"start":{"line":129,"column":4},"end":{"line":129,"column":26}}},"fnMap":{"0":{"name":"(anonymous_1)","decl":{"start":{"line":5,"column":27},"end":{"line":5,"column":28}},"loc":{"start":{"line":6,"column":4},"end":{"line":9,"column":8}}},"1":{"name":"(anonymous_2)","decl":{"start":{"line":20,"column":4},"end":{"line":20,"column":null}},"loc":{"start":{"line":20,"column":4},"end":{"line":22,"column":5}}},"2":{"name":"(anonymous_3)","decl":{"start":{"line":24,"column":4},"end":{"line":24,"column":8}},"loc":{"start":{"line":24,"column":14},"end":{"line":26,"column":5}}},"3":{"name":"(anonymous_4)","decl":{"start":{"line":28,"column":4},"end":{"line":28,"column":8}},"loc":{"start":{"line":28,"column":32},"end":{"line":42,"column":5}}},"4":{"name":"(anonymous_5)","decl":{"start":{"line":44,"column":11},"end":{"line":44,"column":15}},"loc":{"start":{"line":44,"column":15},"end":{"line":46,"column":5}}},"5":{"name":"(anonymous_6)","decl":{"start":{"line":48,"column":11},"end":{"line":48,"column":22}},"loc":{"start":{"line":48,"column":27},"end":{"line":57,"column":5}}},"6":{"name":"(anonymous_7)","decl":{"start":{"line":59,"column":11},"end":{"line":59,"column":19}},"loc":{"start":{"line":59,"column":51},"end":{"line":63,"column":5}}},"7":{"name":"(anonymous_8)","decl":{"start":{"line":60,"column":27},"end":{"line":60,"column":29}},"loc":{"start":{"line":60,"column":31},"end":{"line":62,"column":9}}},"8":{"name":"(anonymous_9)","decl":{"start":{"line":65,"column":11},"end":{"line":65,"column":23}},"loc":{"start":{"line":65,"column":55},"end":{"line":75,"column":5}}},"9":{"name":"(anonymous_10)","decl":{"start":{"line":77,"column":11},"end":{"line":77,"column":19}},"loc":{"start":{"line":77,"column":28},"end":{"line":100,"column":5}}},"10":{"name":"(anonymous_11)","decl":{"start":{"line":81,"column":12},"end":{"line":81,"column":13}},"loc":{"start":{"line":81,"column":29},"end":{"line":94,"column":13}}},"11":{"name":"(anonymous_12)","decl":{"start":{"line":95,"column":12},"end":{"line":95,"column":13}},"loc":{"start":{"line":95,"column":27},"end":{"line":98,"column":13}}},"12":{"name":"(anonymous_13)","decl":{"start":{"line":102,"column":11},"end":{"line":102,"column":28}},"loc":{"start":{"line":102,"column":37},"end":{"line":112,"column":5}}},"13":{"name":"(anonymous_14)","decl":{"start":{"line":108,"column":52},"end":{"line":108,"column":55}},"loc":{"start":{"line":108,"column":57},"end":{"line":110,"column":13}}},"14":{"name":"(anonymous_15)","decl":{"start":{"line":114,"column":4},"end":{"line":114,"column":8}},"loc":{"start":{"line":114,"column":15},"end":{"line":116,"column":5}}},"15":{"name":"(anonymous_16)","decl":{"start":{"line":115,"column":43},"end":{"line":115,"column":44}},"loc":{"start":{"line":115,"column":53},"end":{"line":115,"column":88}}},"16":{"name":"takeOverState","decl":{"start":{"line":124,"column":0},"end":{"line":124,"column":23}},"loc":{"start":{"line":124,"column":70},"end":{"line":130,"column":1}}}},"branchMap":{"0":{"loc":{"start":{"line":50,"column":12},"end":{"line":53,"column":null}},"type":"if","locations":[{"start":{"line":50,"column":12},"end":{"line":53,"column":null}},{"start":{"line":50,"column":12},"end":{"line":53,"column":null}}]},"1":{"loc":{"start":{"line":83,"column":20},"end":{"line":86,"column":null}},"type":"if","locations":[{"start":{"line":83,"column":20},"end":{"line":86,"column":null}},{"start":{"line":83,"column":20},"end":{"line":86,"column":null}}]},"2":{"loc":{"start":{"line":103,"column":8},"end":{"line":105,"column":null}},"type":"if","locations":[{"start":{"line":103,"column":8},"end":{"line":105,"column":null}},{"start":{"line":103,"column":8},"end":{"line":105,"column":null}}]},"3":{"loc":{"start":{"line":107,"column":8},"end":{"line":111,"column":null}},"type":"if","locations":[{"start":{"line":107,"column":8},"end":{"line":111,"column":null}},{"start":{"line":107,"column":8},"end":{"line":111,"column":null}}]},"4":{"loc":{"start":{"line":115,"column":53},"end":{"line":115,"column":63}},"type":"binary-expr","locations":[{"start":{"line":115,"column":53},"end":{"line":115,"column":63}},{"start":{"line":115,"column":67},"end":{"line":115,"column":88}}]},"5":{"loc":{"start":{"line":125,"column":4},"end":{"line":127,"column":null}},"type":"if","locations":[{"start":{"line":125,"column":4},"end":{"line":127,"column":null}},{"start":{"line":125,"column":4},"end":{"line":127,"column":null}}]},"6":{"loc":{"start":{"line":128,"column":72},"end":{"line":128,"column":80}},"type":"cond-expr","locations":[{"start":{"line":128,"column":72},"end":{"line":128,"column":80}},{"start":{"line":128,"column":83},"end":{"line":128,"column":102}}]}},"s":{"0":0,"1":0,"2":0,"3":0,"4":0,"5":0,"6":0,"7":0,"8":0,"9":0,"10":0,"11":0,"12":0,"13":0,"14":0,"15":0,"16":0,"17":0,"18":0,"19":0,"20":0,"21":0,"22":0,"23":0,"24":0,"25":0,"26":0,"27":0,"28":0,"29":0,"30":0,"31":0,"32":0,"33":0,"34":0,"35":0,"36":0,"37":0,"38":0,"39":0,"40":0,"41":0,"42":0,"43":0,"44":0,"45":0,"46":0,"47":0,"48":0,"49":0,"50":0,"51":0,"52":0,"53":0,"54":0,"55":0,"56":0,"57":0},"f":{"0":0,"1":0,"2":0,"3":0,"4":0,"5":0,"6":0,"7":0,"8":0,"9":0,"10":0,"11":0,"12":0,"13":0,"14":0,"15":0,"16":0},"b":{"0":[0,0],"1":[0,0],"2":[0,0],"3":[0,0],"4":[0,0],"5":[0,0],"6":[0,0]}}
,"C:\\Users\\むずでょ\\Documents\\GitHub\\Kifu-for-JS\\src\\utils\\fetchFile.ts": {"path":"C:\\Users\\むずでょ\\Documents\\GitHub\\Kifu-for-JS\\src\\utils\\fetchFile.ts","statementMap":{"0":{"start":{"line":1,"column":0},"end":{"line":1,"column":47}},"1":{"start":{"line":6,"column":4},"end":{"line":42,"column":7}},"2":{"start":{"line":7,"column":25},"end":{"line":7,"column":58}},"3":{"start":{"line":19,"column":8},"end":{"line":41,"column":11}},"4":{"start":{"line":21,"column":16},"end":{"line":21,"column":68}},"5":{"start":{"line":24,"column":16},"end":{"line":35,"column":null}},"6":{"start":{"line":25,"column":34},"end":{"line":25,"column":63}},"7":{"start":{"line":26,"column":20},"end":{"line":33,"column":null}},"8":{"start":{"line":27,"column":24},"end":{"line":32,"column":40}},"9":{"start":{"line":34,"column":20},"end":{"line":34,"column":36}},"10":{"start":{"line":38,"column":16},"end":{"line":38,"column":70}},"11":{"start":{"line":5,"column":0},"end":{"line":5,"column":34}}},"fnMap":{"0":{"name":"fetchFile","decl":{"start":{"line":5,"column":0},"end":{"line":5,"column":34}},"loc":{"start":{"line":5,"column":42},"end":{"line":43,"column":1}}},"1":{"name":"(anonymous_1)","decl":{"start":{"line":6,"column":23},"end":{"line":6,"column":24}},"loc":{"start":{"line":6,"column":43},"end":{"line":42,"column":5}}},"2":{"name":"(anonymous_2)","decl":{"start":{"line":20,"column":12},"end":{"line":20,"column":19}},"loc":{"start":{"line":20,"column":36},"end":{"line":22,"column":13}}},"3":{"name":"(anonymous_3)","decl":{"start":{"line":23,"column":12},"end":{"line":23,"column":17}},"loc":{"start":{"line":23,"column":35},"end":{"line":36,"column":13}}},"4":{"name":"(anonymous_4)","decl":{"start":{"line":37,"column":12},"end":{"line":37,"column":22}},"loc":{"start":{"line":37,"column":26},"end":{"line":39,"column":13}}}},"branchMap":{"0":{"loc":{"start":{"line":21,"column":55},"end":{"line":21,"column":59}},"type":"cond-expr","locations":[{"start":{"line":21,"column":55},"end":{"line":21,"column":59}},{"start":{"line":21,"column":62},"end":{"line":21,"column":66}}]},"1":{"loc":{"start":{"line":24,"column":16},"end":{"line":35,"column":null}},"type":"if","locations":[{"start":{"line":24,"column":16},"end":{"line":35,"column":null}},{"start":{"line":24,"column":16},"end":{"line":35,"column":null}}]},"2":{"loc":{"start":{"line":26,"column":20},"end":{"line":33,"column":null}},"type":"if","locations":[{"start":{"line":26,"column":20},"end":{"line":33,"column":null}},{"start":{"line":26,"column":20},"end":{"line":33,"column":null}}]}},"s":{"0":0,"1":0,"2":0,"3":0,"4":0,"5":0,"6":0,"7":0,"8":0,"9":0,"10":0,"11":0},"f":{"0":0,"1":0,"2":0,"3":0,"4":0},"b":{"0":[0,0],"1":[0,0],"2":[0,0]}}
,"C:\\Users\\むずでょ\\Documents\\GitHub\\Kifu-for-JS\\src\\utils\\util.ts": {"path":"C:\\Users\\むずでょ\\Documents\\GitHub\\Kifu-for-JS\\src\\utils\\util.ts","statementMap":{"0":{"start":{"line":1,"column":0},"end":{"line":1,"column":33}},"1":{"start":{"line":4,"column":4},"end":{"line":4,"column":45}},"2":{"start":{"line":3,"column":0},"end":{"line":3,"column":28}},"3":{"start":{"line":8,"column":14},"end":{"line":8,"column":16}},"4":{"start":{"line":9,"column":4},"end":{"line":11,"column":null}},"5":{"start":{"line":9,"column":17},"end":{"line":9,"column":27}},"6":{"start":{"line":10,"column":8},"end":{"line":10,"column":21}},"7":{"start":{"line":12,"column":4},"end":{"line":12,"column":21}},"8":{"start":{"line":7,"column":0},"end":{"line":7,"column":20}},"9":{"start":{"line":18,"column":19},"end":{"line":18,"column":35}},"10":{"start":{"line":19,"column":21},"end":{"line":19,"column":55}},"11":{"start":{"line":20,"column":4},"end":{"line":22,"column":6}},"12":{"start":{"line":21,"column":8},"end":{"line":21,"column":43}},"13":{"start":{"line":23,"column":4},"end":{"line":23,"column":38}},"14":{"start":{"line":17,"column":0},"end":{"line":17,"column":25}},"15":{"start":{"line":27,"column":16},"end":{"line":27,"column":35}},"16":{"start":{"line":28,"column":16},"end":{"line":28,"column":35}},"17":{"start":{"line":29,"column":4},"end":{"line":29,"column":77}},"18":{"start":{"line":26,"column":0},"end":{"line":26,"column":40}},"19":{"start":{"line":33,"column":4},"end":{"line":40,"column":null}},"20":{"start":{"line":37,"column":8},"end":{"line":37,"column":19}},"21":{"start":{"line":39,"column":8},"end":{"line":39,"column":64}},"22":{"start":{"line":32,"column":0},"end":{"line":32,"column":27}}},"fnMap":{"0":{"name":"colorToMark","decl":{"start":{"line":3,"column":0},"end":{"line":3,"column":28}},"loc":{"start":{"line":3,"column":33},"end":{"line":5,"column":1}}},"1":{"name":"pad","decl":{"start":{"line":7,"column":0},"end":{"line":7,"column":20}},"loc":{"start":{"line":7,"column":38},"end":{"line":13,"column":1}}},"2":{"name":"loadFile","decl":{"start":{"line":17,"column":0},"end":{"line":17,"column":25}},"loc":{"start":{"line":17,"column":39},"end":{"line":24,"column":1}}},"3":{"name":"(anonymous_3)","decl":{"start":{"line":20,"column":20},"end":{"line":20,"column":23}},"loc":{"start":{"line":20,"column":25},"end":{"line":22,"column":5}}},"4":{"name":"getEncodingFromFileName","decl":{"start":{"line":26,"column":0},"end":{"line":26,"column":40}},"loc":{"start":{"line":26,"column":48},"end":{"line":30,"column":1}}},"5":{"name":"onDomReady","decl":{"start":{"line":32,"column":0},"end":{"line":32,"column":27}},"loc":{"start":{"line":32,"column":35},"end":{"line":41,"column":1}}}},"branchMap":{"0":{"loc":{"start":{"line":4,"column":35},"end":{"line":4,"column":38}},"type":"cond-expr","locations":[{"start":{"line":4,"column":35},"end":{"line":4,"column":38}},{"start":{"line":4,"column":41},"end":{"line":4,"column":44}}]},"1":{"loc":{"start":{"line":29,"column":55},"end":{"line":29,"column":62}},"type":"cond-expr","locations":[{"start":{"line":29,"column":55},"end":{"line":29,"column":62}},{"start":{"line":29,"column":65},"end":{"line":29,"column":76}}]},"2":{"loc":{"start":{"line":33,"column":4},"end":{"line":40,"column":null}},"type":"if","locations":[{"start":{"line":33,"column":4},"end":{"line":40,"column":null}},{"start":{"line":33,"column":4},"end":{"line":40,"column":null}}]},"3":{"loc":{"start":{"line":34,"column":8},"end":{"line":34,"column":42}},"type":"binary-expr","locations":[{"start":{"line":34,"column":8},"end":{"line":34,"column":42}},{"start":{"line":35,"column":9},"end":{"line":35,"column":42}},{"start":{"line":35,"column":46},"end":{"line":35,"column":89}}]}},"s":{"0":0,"1":0,"2":0,"3":0,"4":0,"5":0,"6":0,"7":0,"8":0,"9":0,"10":0,"11":0,"12":0,"13":0,"14":0,"15":0,"16":0,"17":0,"18":0,"19":0,"20":0,"21":0,"22":0},"f":{"0":0,"1":0,"2":0,"3":0,"4":0,"5":0},"b":{"0":[0,0],"1":[0,0],"2":[0,0],"3":[0,0,0]}}
}
